This is pdfTeX, Version 3.14159265-2.6-1.40.21 (TeX Live 2020) (preloaded format=pdflatex 2020.4.7)  15 JUN 2020 21:34
entering extended mode
 restricted \write18 enabled.
 file:line:error style messages enabled.
 %&-line parsing enabled.
**"Complex Analysis .tex"
(./Complex Analysis .tex
LaTeX2e <2020-02-02> patch level 5
L3 programming layer <2020-03-06>
(/usr/local/texlive/2020/texmf-dist/tex/latex/base/article.cls
Document Class: article 2019/12/20 v1.4l Standard LaTeX document class
(/usr/local/texlive/2020/texmf-dist/tex/latex/base/size11.clo
File: size11.clo 2019/12/20 v1.4l Standard LaTeX file (size option)
)
\c@part=\count167
\c@section=\count168
\c@subsection=\count169
\c@subsubsection=\count170
\c@paragraph=\count171
\c@subparagraph=\count172
\c@figure=\count173
\c@table=\count174
\abovecaptionskip=\skip47
\belowcaptionskip=\skip48
\bibindent=\dimen134
)
(/usr/local/texlive/2020/texmf-dist/tex/latex/amsmath/amsmath.sty
Package: amsmath 2020/01/20 v2.17e AMS math features
\@mathmargin=\skip49

For additional information on amsmath, use the `?' option.
(/usr/local/texlive/2020/texmf-dist/tex/latex/amsmath/amstext.sty
Package: amstext 2000/06/29 v2.01 AMS text

(/usr/local/texlive/2020/texmf-dist/tex/latex/amsmath/amsgen.sty
File: amsgen.sty 1999/11/30 v2.0 generic functions
\@emptytoks=\toks15
\ex@=\dimen135
))
(/usr/local/texlive/2020/texmf-dist/tex/latex/amsmath/amsbsy.sty
Package: amsbsy 1999/11/29 v1.2d Bold Symbols
\pmbraise@=\dimen136
)
(/usr/local/texlive/2020/texmf-dist/tex/latex/amsmath/amsopn.sty
Package: amsopn 2016/03/08 v2.02 operator names
)
\inf@bad=\count175
LaTeX Info: Redefining \frac on input line 227.
\uproot@=\count176
\leftroot@=\count177
LaTeX Info: Redefining \overline on input line 389.
\classnum@=\count178
\DOTSCASE@=\count179
LaTeX Info: Redefining \ldots on input line 486.
LaTeX Info: Redefining \dots on input line 489.
LaTeX Info: Redefining \cdots on input line 610.
\Mathstrutbox@=\box45
\strutbox@=\box46
\big@size=\dimen137
LaTeX Font Info:    Redeclaring font encoding OML on input line 733.
LaTeX Font Info:    Redeclaring font encoding OMS on input line 734.
\macc@depth=\count180
\c@MaxMatrixCols=\count181
\dotsspace@=\muskip16
\c@parentequation=\count182
\dspbrk@lvl=\count183
\tag@help=\toks16
\row@=\count184
\column@=\count185
\maxfields@=\count186
\andhelp@=\toks17
\eqnshift@=\dimen138
\alignsep@=\dimen139
\tagshift@=\dimen140
\tagwidth@=\dimen141
\totwidth@=\dimen142
\lineht@=\dimen143
\@envbody=\toks18
\multlinegap=\skip50
\multlinetaggap=\skip51
\mathdisplay@stack=\toks19
LaTeX Info: Redefining \[ on input line 2859.
LaTeX Info: Redefining \] on input line 2860.
)
(/usr/local/texlive/2020/texmf-dist/tex/latex/graphics/graphicx.sty
Package: graphicx 2019/11/30 v1.2a Enhanced LaTeX Graphics (DPC,SPQR)

(/usr/local/texlive/2020/texmf-dist/tex/latex/graphics/keyval.sty
Package: keyval 2014/10/28 v1.15 key=value parser (DPC)
\KV@toks@=\toks20
)
(/usr/local/texlive/2020/texmf-dist/tex/latex/graphics/graphics.sty
Package: graphics 2019/11/30 v1.4a Standard LaTeX Graphics (DPC,SPQR)

(/usr/local/texlive/2020/texmf-dist/tex/latex/graphics/trig.sty
Package: trig 2016/01/03 v1.10 sin cos tan (DPC)
)
(/usr/local/texlive/2020/texmf-dist/tex/latex/graphics-cfg/graphics.cfg
File: graphics.cfg 2016/06/04 v1.11 sample graphics configuration
)
Package graphics Info: Driver file: pdftex.def on input line 105.

(/usr/local/texlive/2020/texmf-dist/tex/latex/graphics-def/pdftex.def
File: pdftex.def 2018/01/08 v1.0l Graphics/color driver for pdftex
))
\Gin@req@height=\dimen144
\Gin@req@width=\dimen145
)
(/usr/local/texlive/2020/texmf-dist/tex/latex/caption/subcaption.sty
Package: subcaption 2020/01/22 v1.3d Sub-captions (AR)

(/usr/local/texlive/2020/texmf-dist/tex/latex/caption/caption.sty
Package: caption 2020/01/03 v3.4h Customizing captions (AR)

(/usr/local/texlive/2020/texmf-dist/tex/latex/caption/caption3.sty
Package: caption3 2020/01/03 v1.8h caption3 kernel (AR)
Package caption3 Info: TeX engine: e-TeX on input line 61.
\captionmargin=\dimen146
\captionmargin@=\dimen147
\captionwidth=\dimen148
\caption@tempdima=\dimen149
\caption@indent=\dimen150
\caption@parindent=\dimen151
\caption@hangindent=\dimen152
Package caption Info: Standard document class detected.
)
\c@caption@flags=\count187
\c@continuedfloat=\count188
)
\c@subfigure=\count189
\c@subtable=\count190
)
(/usr/local/texlive/2020/texmf-dist/tex/latex/sectsty/sectsty.sty
Package: sectsty 2002/02/25 v2.0.2 Commands to change all sectional heading sty
les


LaTeX Warning: Command \underbar  has changed.
               Check if current package is valid.


LaTeX Warning: Command \underline  has changed.
               Check if current package is valid.

) (/usr/local/texlive/2020/texmf-dist/tex/latex/amsfonts/amssymb.sty
Package: amssymb 2013/01/14 v3.01 AMS font symbols

(/usr/local/texlive/2020/texmf-dist/tex/latex/amsfonts/amsfonts.sty
Package: amsfonts 2013/01/14 v3.01 Basic AMSFonts support
\symAMSa=\mathgroup4
\symAMSb=\mathgroup5
LaTeX Font Info:    Redeclaring math symbol \hbar on input line 98.
LaTeX Font Info:    Overwriting math alphabet `\mathfrak' in version `bold'
(Font)                  U/euf/m/n --> U/euf/b/n on input line 106.
))
(/usr/local/texlive/2020/texmf-dist/tex/latex/lipsum/lipsum.sty
(/usr/local/texlive/2020/texmf-dist/tex/latex/l3kernel/expl3.sty
Package: expl3 2020-03-06 L3 programming layer (loader) 

(/usr/local/texlive/2020/texmf-dist/tex/latex/l3backend/l3backend-pdfmode.def
File: l3backend-pdfmode.def 2020-03-12 L3 backend support: PDF mode
\l__kernel_color_stack_int=\count191
\l__pdf_internal_box=\box47
)) (/usr/local/texlive/2020/texmf-dist/tex/latex/l3packages/xparse/xparse.sty
Package: xparse 2020-03-06 L3 Experimental document command parser
\l__xparse_current_arg_int=\count192
\g__xparse_grabber_int=\count193
\l__xparse_m_args_int=\count194
\l__xparse_v_nesting_int=\count195
)
Package: lipsum 2019/01/02 v2.2 150 paragraphs of Lorem Ipsum dummy text

(/usr/local/texlive/2020/texmf-dist/tex/latex/lipsum/lipsum.ltd.tex
File: lipsum.ltd.tex 2019/01/02 v2.2 The Lorem ipsum dummy text
))
(/usr/local/texlive/2020/texmf-dist/tex/latex/titlesec/titlesec.sty
Package: titlesec 2019/10/16 v2.13 Sectioning titles
\ttl@box=\box48
\beforetitleunit=\skip52
\aftertitleunit=\skip53
\ttl@plus=\dimen153
\ttl@minus=\dimen154
\ttl@toksa=\toks21
\titlewidth=\dimen155
\titlewidthlast=\dimen156
\titlewidthfirst=\dimen157
)
(/usr/local/texlive/2020/texmf-dist/tex/latex/romannum/romannum.sty
Package: romannum 2009/09/03 v1.0b roman numerals

(/usr/local/texlive/2020/texmf-dist/tex/latex/stdclsdv/stdclsdv.sty
Package: stdclsdv 2009/09/04 v1.1a Sectional divisions
))
(/usr/local/texlive/2020/texmf-dist/tex/latex/enumitem/enumitem.sty
Package: enumitem 2019/06/20 v3.9 Customized lists
\labelindent=\skip54
\enit@outerparindent=\dimen158
\enit@toks=\toks22
\enit@inbox=\box49
\enit@count@id=\count196
\enitdp@description=\count197
)
(/usr/local/texlive/2020/texmf-dist/tex/latex/mathtools/mathtools.sty
Package: mathtools 2020/03/24 v1.24 mathematical typesetting tools

(/usr/local/texlive/2020/texmf-dist/tex/latex/tools/calc.sty
Package: calc 2017/05/25 v4.3 Infix arithmetic (KKT,FJ)
\calc@Acount=\count198
\calc@Bcount=\count199
\calc@Adimen=\dimen159
\calc@Bdimen=\dimen160
\calc@Askip=\skip55
\calc@Bskip=\skip56
LaTeX Info: Redefining \setlength on input line 80.
LaTeX Info: Redefining \addtolength on input line 81.
\calc@Ccount=\count266
\calc@Cskip=\skip57
)
(/usr/local/texlive/2020/texmf-dist/tex/latex/mathtools/mhsetup.sty
Package: mhsetup 2017/03/31 v1.3 programming setup (MH)
)
LaTeX Info: Thecontrolsequence`\('isalreadyrobust on input line 130.
LaTeX Info: Thecontrolsequence`\)'isalreadyrobust on input line 130.
LaTeX Info: Thecontrolsequence`\['isalreadyrobust on input line 130.
LaTeX Info: Thecontrolsequence`\]'isalreadyrobust on input line 130.
\g_MT_multlinerow_int=\count267
\l_MT_multwidth_dim=\dimen161
\origjot=\skip58
\l_MT_shortvdotswithinadjustabove_dim=\dimen162
\l_MT_shortvdotswithinadjustbelow_dim=\dimen163
\l_MT_above_intertext_sep=\dimen164
\l_MT_below_intertext_sep=\dimen165
\l_MT_above_shortintertext_sep=\dimen166
\l_MT_below_shortintertext_sep=\dimen167
\xmathstrut@box=\box50
\xmathstrut@dim=\dimen168
)
(/usr/local/texlive/2020/texmf-dist/tex/generic/nth/nth.sty
Package: nth 2002/02/27
)
(/usr/local/texlive/2020/texmf-dist/tex/latex/pgf/frontendlayer/tikz.sty
(/usr/local/texlive/2020/texmf-dist/tex/latex/pgf/basiclayer/pgf.sty
(/usr/local/texlive/2020/texmf-dist/tex/latex/pgf/utilities/pgfrcs.sty
(/usr/local/texlive/2020/texmf-dist/tex/generic/pgf/utilities/pgfutil-common.te
x
\pgfutil@everybye=\toks23
\pgfutil@tempdima=\dimen169
\pgfutil@tempdimb=\dimen170

(/usr/local/texlive/2020/texmf-dist/tex/generic/pgf/utilities/pgfutil-common-li
sts.tex))
(/usr/local/texlive/2020/texmf-dist/tex/generic/pgf/utilities/pgfutil-latex.def
\pgfutil@abb=\box51
(/usr/local/texlive/2020/texmf-dist/tex/latex/ms/everyshi.sty
Package: everyshi 2001/05/15 v3.00 EveryShipout Package (MS)
))
(/usr/local/texlive/2020/texmf-dist/tex/generic/pgf/utilities/pgfrcs.code.tex
(/usr/local/texlive/2020/texmf-dist/tex/generic/pgf/pgf.revision.tex)
Package: pgfrcs 2020/01/08 v3.1.5b (3.1.5b)
))
Package: pgf 2020/01/08 v3.1.5b (3.1.5b)

(/usr/local/texlive/2020/texmf-dist/tex/latex/pgf/basiclayer/pgfcore.sty
(/usr/local/texlive/2020/texmf-dist/tex/latex/pgf/systemlayer/pgfsys.sty
(/usr/local/texlive/2020/texmf-dist/tex/generic/pgf/systemlayer/pgfsys.code.tex
Package: pgfsys 2020/01/08 v3.1.5b (3.1.5b)
(/usr/local/texlive/2020/texmf-dist/tex/generic/pgf/utilities/pgfkeys.code.tex
\pgfkeys@pathtoks=\toks24
\pgfkeys@temptoks=\toks25

(/usr/local/texlive/2020/texmf-dist/tex/generic/pgf/utilities/pgfkeysfiltered.c
ode.tex
\pgfkeys@tmptoks=\toks26
))
\pgf@x=\dimen171
\pgf@y=\dimen172
\pgf@xa=\dimen173
\pgf@ya=\dimen174
\pgf@xb=\dimen175
\pgf@yb=\dimen176
\pgf@xc=\dimen177
\pgf@yc=\dimen178
\pgf@xd=\dimen179
\pgf@yd=\dimen180
\w@pgf@writea=\write3
\r@pgf@reada=\read2
\c@pgf@counta=\count268
\c@pgf@countb=\count269
\c@pgf@countc=\count270
\c@pgf@countd=\count271
\t@pgf@toka=\toks27
\t@pgf@tokb=\toks28
\t@pgf@tokc=\toks29
\pgf@sys@id@count=\count272

(/usr/local/texlive/2020/texmf-dist/tex/generic/pgf/systemlayer/pgf.cfg
File: pgf.cfg 2020/01/08 v3.1.5b (3.1.5b)
)
Driver file for pgf: pgfsys-pdftex.def

(/usr/local/texlive/2020/texmf-dist/tex/generic/pgf/systemlayer/pgfsys-pdftex.d
ef
File: pgfsys-pdftex.def 2020/01/08 v3.1.5b (3.1.5b)

(/usr/local/texlive/2020/texmf-dist/tex/generic/pgf/systemlayer/pgfsys-common-p
df.def
File: pgfsys-common-pdf.def 2020/01/08 v3.1.5b (3.1.5b)
)))
(/usr/local/texlive/2020/texmf-dist/tex/generic/pgf/systemlayer/pgfsyssoftpath.
code.tex
File: pgfsyssoftpath.code.tex 2020/01/08 v3.1.5b (3.1.5b)
\pgfsyssoftpath@smallbuffer@items=\count273
\pgfsyssoftpath@bigbuffer@items=\count274
)
(/usr/local/texlive/2020/texmf-dist/tex/generic/pgf/systemlayer/pgfsysprotocol.
code.tex
File: pgfsysprotocol.code.tex 2020/01/08 v3.1.5b (3.1.5b)
)) (/usr/local/texlive/2020/texmf-dist/tex/latex/xcolor/xcolor.sty
Package: xcolor 2016/05/11 v2.12 LaTeX color extensions (UK)

(/usr/local/texlive/2020/texmf-dist/tex/latex/graphics-cfg/color.cfg
File: color.cfg 2016/01/02 v1.6 sample color configuration
)
Package xcolor Info: Driver file: pdftex.def on input line 225.
Package xcolor Info: Model `cmy' substituted by `cmy0' on input line 1348.
Package xcolor Info: Model `hsb' substituted by `rgb' on input line 1352.
Package xcolor Info: Model `RGB' extended on input line 1364.
Package xcolor Info: Model `HTML' substituted by `rgb' on input line 1366.
Package xcolor Info: Model `Hsb' substituted by `hsb' on input line 1367.
Package xcolor Info: Model `tHsb' substituted by `hsb' on input line 1368.
Package xcolor Info: Model `HSB' substituted by `hsb' on input line 1369.
Package xcolor Info: Model `Gray' substituted by `gray' on input line 1370.
Package xcolor Info: Model `wave' substituted by `hsb' on input line 1371.
)
(/usr/local/texlive/2020/texmf-dist/tex/generic/pgf/basiclayer/pgfcore.code.tex
Package: pgfcore 2020/01/08 v3.1.5b (3.1.5b)
(/usr/local/texlive/2020/texmf-dist/tex/generic/pgf/math/pgfmath.code.tex
(/usr/local/texlive/2020/texmf-dist/tex/generic/pgf/math/pgfmathcalc.code.tex
(/usr/local/texlive/2020/texmf-dist/tex/generic/pgf/math/pgfmathutil.code.tex)
(/usr/local/texlive/2020/texmf-dist/tex/generic/pgf/math/pgfmathparser.code.tex
\pgfmath@dimen=\dimen181
\pgfmath@count=\count275
\pgfmath@box=\box52
\pgfmath@toks=\toks30
\pgfmath@stack@operand=\toks31
\pgfmath@stack@operation=\toks32
)
(/usr/local/texlive/2020/texmf-dist/tex/generic/pgf/math/pgfmathfunctions.code.
tex
(/usr/local/texlive/2020/texmf-dist/tex/generic/pgf/math/pgfmathfunctions.basic
.code.tex)
(/usr/local/texlive/2020/texmf-dist/tex/generic/pgf/math/pgfmathfunctions.trigo
nometric.code.tex)
(/usr/local/texlive/2020/texmf-dist/tex/generic/pgf/math/pgfmathfunctions.rando
m.code.tex)
(/usr/local/texlive/2020/texmf-dist/tex/generic/pgf/math/pgfmathfunctions.compa
rison.code.tex)
(/usr/local/texlive/2020/texmf-dist/tex/generic/pgf/math/pgfmathfunctions.base.
code.tex)
(/usr/local/texlive/2020/texmf-dist/tex/generic/pgf/math/pgfmathfunctions.round
.code.tex)
(/usr/local/texlive/2020/texmf-dist/tex/generic/pgf/math/pgfmathfunctions.misc.
code.tex)
(/usr/local/texlive/2020/texmf-dist/tex/generic/pgf/math/pgfmathfunctions.integ
erarithmetics.code.tex)))
(/usr/local/texlive/2020/texmf-dist/tex/generic/pgf/math/pgfmathfloat.code.tex
\c@pgfmathroundto@lastzeros=\count276
)) (/usr/local/texlive/2020/texmf-dist/tex/generic/pgf/math/pgfint.code.tex)
(/usr/local/texlive/2020/texmf-dist/tex/generic/pgf/basiclayer/pgfcorepoints.co
de.tex
File: pgfcorepoints.code.tex 2020/01/08 v3.1.5b (3.1.5b)
\pgf@picminx=\dimen182
\pgf@picmaxx=\dimen183
\pgf@picminy=\dimen184
\pgf@picmaxy=\dimen185
\pgf@pathminx=\dimen186
\pgf@pathmaxx=\dimen187
\pgf@pathminy=\dimen188
\pgf@pathmaxy=\dimen189
\pgf@xx=\dimen190
\pgf@xy=\dimen191
\pgf@yx=\dimen192
\pgf@yy=\dimen193
\pgf@zx=\dimen194
\pgf@zy=\dimen195
)
(/usr/local/texlive/2020/texmf-dist/tex/generic/pgf/basiclayer/pgfcorepathconst
ruct.code.tex
File: pgfcorepathconstruct.code.tex 2020/01/08 v3.1.5b (3.1.5b)
\pgf@path@lastx=\dimen196
\pgf@path@lasty=\dimen197
)
(/usr/local/texlive/2020/texmf-dist/tex/generic/pgf/basiclayer/pgfcorepathusage
.code.tex
File: pgfcorepathusage.code.tex 2020/01/08 v3.1.5b (3.1.5b)
\pgf@shorten@end@additional=\dimen198
\pgf@shorten@start@additional=\dimen199
)
(/usr/local/texlive/2020/texmf-dist/tex/generic/pgf/basiclayer/pgfcorescopes.co
de.tex
File: pgfcorescopes.code.tex 2020/01/08 v3.1.5b (3.1.5b)
\pgfpic=\box53
\pgf@hbox=\box54
\pgf@layerbox@main=\box55
\pgf@picture@serial@count=\count277
)
(/usr/local/texlive/2020/texmf-dist/tex/generic/pgf/basiclayer/pgfcoregraphicst
ate.code.tex
File: pgfcoregraphicstate.code.tex 2020/01/08 v3.1.5b (3.1.5b)
\pgflinewidth=\dimen256
)
(/usr/local/texlive/2020/texmf-dist/tex/generic/pgf/basiclayer/pgfcoretransform
ations.code.tex
File: pgfcoretransformations.code.tex 2020/01/08 v3.1.5b (3.1.5b)
\pgf@pt@x=\dimen257
\pgf@pt@y=\dimen258
\pgf@pt@temp=\dimen259
)
(/usr/local/texlive/2020/texmf-dist/tex/generic/pgf/basiclayer/pgfcorequick.cod
e.tex
File: pgfcorequick.code.tex 2020/01/08 v3.1.5b (3.1.5b)
)
(/usr/local/texlive/2020/texmf-dist/tex/generic/pgf/basiclayer/pgfcoreobjects.c
ode.tex
File: pgfcoreobjects.code.tex 2020/01/08 v3.1.5b (3.1.5b)
)
(/usr/local/texlive/2020/texmf-dist/tex/generic/pgf/basiclayer/pgfcorepathproce
ssing.code.tex
File: pgfcorepathprocessing.code.tex 2020/01/08 v3.1.5b (3.1.5b)
)
(/usr/local/texlive/2020/texmf-dist/tex/generic/pgf/basiclayer/pgfcorearrows.co
de.tex
File: pgfcorearrows.code.tex 2020/01/08 v3.1.5b (3.1.5b)
\pgfarrowsep=\dimen260
)
(/usr/local/texlive/2020/texmf-dist/tex/generic/pgf/basiclayer/pgfcoreshade.cod
e.tex
File: pgfcoreshade.code.tex 2020/01/08 v3.1.5b (3.1.5b)
\pgf@max=\dimen261
\pgf@sys@shading@range@num=\count278
\pgf@shadingcount=\count279
)
(/usr/local/texlive/2020/texmf-dist/tex/generic/pgf/basiclayer/pgfcoreimage.cod
e.tex
File: pgfcoreimage.code.tex 2020/01/08 v3.1.5b (3.1.5b)

(/usr/local/texlive/2020/texmf-dist/tex/generic/pgf/basiclayer/pgfcoreexternal.
code.tex
File: pgfcoreexternal.code.tex 2020/01/08 v3.1.5b (3.1.5b)
\pgfexternal@startupbox=\box56
))
(/usr/local/texlive/2020/texmf-dist/tex/generic/pgf/basiclayer/pgfcorelayers.co
de.tex
File: pgfcorelayers.code.tex 2020/01/08 v3.1.5b (3.1.5b)
)
(/usr/local/texlive/2020/texmf-dist/tex/generic/pgf/basiclayer/pgfcoretranspare
ncy.code.tex
File: pgfcoretransparency.code.tex 2020/01/08 v3.1.5b (3.1.5b)
)
(/usr/local/texlive/2020/texmf-dist/tex/generic/pgf/basiclayer/pgfcorepatterns.
code.tex
File: pgfcorepatterns.code.tex 2020/01/08 v3.1.5b (3.1.5b)
)
(/usr/local/texlive/2020/texmf-dist/tex/generic/pgf/basiclayer/pgfcorerdf.code.
tex
File: pgfcorerdf.code.tex 2020/01/08 v3.1.5b (3.1.5b)
)))
(/usr/local/texlive/2020/texmf-dist/tex/generic/pgf/modules/pgfmoduleshapes.cod
e.tex
File: pgfmoduleshapes.code.tex 2020/01/08 v3.1.5b (3.1.5b)
\pgfnodeparttextbox=\box57
)
(/usr/local/texlive/2020/texmf-dist/tex/generic/pgf/modules/pgfmoduleplot.code.
tex
File: pgfmoduleplot.code.tex 2020/01/08 v3.1.5b (3.1.5b)
)
(/usr/local/texlive/2020/texmf-dist/tex/latex/pgf/compatibility/pgfcomp-version
-0-65.sty
Package: pgfcomp-version-0-65 2020/01/08 v3.1.5b (3.1.5b)
\pgf@nodesepstart=\dimen262
\pgf@nodesepend=\dimen263
)
(/usr/local/texlive/2020/texmf-dist/tex/latex/pgf/compatibility/pgfcomp-version
-1-18.sty
Package: pgfcomp-version-1-18 2020/01/08 v3.1.5b (3.1.5b)
))
(/usr/local/texlive/2020/texmf-dist/tex/latex/pgf/utilities/pgffor.sty
(/usr/local/texlive/2020/texmf-dist/tex/latex/pgf/utilities/pgfkeys.sty
(/usr/local/texlive/2020/texmf-dist/tex/generic/pgf/utilities/pgfkeys.code.tex)
) (/usr/local/texlive/2020/texmf-dist/tex/latex/pgf/math/pgfmath.sty
(/usr/local/texlive/2020/texmf-dist/tex/generic/pgf/math/pgfmath.code.tex))
(/usr/local/texlive/2020/texmf-dist/tex/generic/pgf/utilities/pgffor.code.tex
Package: pgffor 2020/01/08 v3.1.5b (3.1.5b)

(/usr/local/texlive/2020/texmf-dist/tex/generic/pgf/math/pgfmath.code.tex)
\pgffor@iter=\dimen264
\pgffor@skip=\dimen265
\pgffor@stack=\toks33
\pgffor@toks=\toks34
))
(/usr/local/texlive/2020/texmf-dist/tex/generic/pgf/frontendlayer/tikz/tikz.cod
e.tex
Package: tikz 2020/01/08 v3.1.5b (3.1.5b)

(/usr/local/texlive/2020/texmf-dist/tex/generic/pgf/libraries/pgflibraryplothan
dlers.code.tex
File: pgflibraryplothandlers.code.tex 2020/01/08 v3.1.5b (3.1.5b)
\pgf@plot@mark@count=\count280
\pgfplotmarksize=\dimen266
)
\tikz@lastx=\dimen267
\tikz@lasty=\dimen268
\tikz@lastxsaved=\dimen269
\tikz@lastysaved=\dimen270
\tikz@lastmovetox=\dimen271
\tikz@lastmovetoy=\dimen272
\tikzleveldistance=\dimen273
\tikzsiblingdistance=\dimen274
\tikz@figbox=\box58
\tikz@figbox@bg=\box59
\tikz@tempbox=\box60
\tikz@tempbox@bg=\box61
\tikztreelevel=\count281
\tikznumberofchildren=\count282
\tikznumberofcurrentchild=\count283
\tikz@fig@count=\count284

(/usr/local/texlive/2020/texmf-dist/tex/generic/pgf/modules/pgfmodulematrix.cod
e.tex
File: pgfmodulematrix.code.tex 2020/01/08 v3.1.5b (3.1.5b)
\pgfmatrixcurrentrow=\count285
\pgfmatrixcurrentcolumn=\count286
\pgf@matrix@numberofcolumns=\count287
)
\tikz@expandcount=\count288

(/usr/local/texlive/2020/texmf-dist/tex/generic/pgf/frontendlayer/tikz/librarie
s/tikzlibrarytopaths.code.tex
File: tikzlibrarytopaths.code.tex 2020/01/08 v3.1.5b (3.1.5b)
)))
(/usr/local/texlive/2020/texmf-dist/tex/latex/ragged2e/ragged2e.sty
Package: ragged2e 2019/07/28 v2.2 ragged2e Package (MS)

(/usr/local/texlive/2020/texmf-dist/tex/latex/ms/everysel.sty
Package: everysel 2011/10/28 v1.2 EverySelectfont Package (MS)
)
\CenteringLeftskip=\skip59
\RaggedLeftLeftskip=\skip60
\RaggedRightLeftskip=\skip61
\CenteringRightskip=\skip62
\RaggedLeftRightskip=\skip63
\RaggedRightRightskip=\skip64
\CenteringParfillskip=\skip65
\RaggedLeftParfillskip=\skip66
\RaggedRightParfillskip=\skip67
\JustifyingParfillskip=\skip68
\CenteringParindent=\skip69
\RaggedLeftParindent=\skip70
\RaggedRightParindent=\skip71
\JustifyingParindent=\skip72
)
(/usr/local/texlive/2020/texmf-dist/tex/latex/pagecolor/pagecolor.sty
Package: pagecolor 2017/05/29 v1.0i Provides thepagecolor (HMM)

(/usr/local/texlive/2020/texmf-dist/tex/latex/kvoptions/kvoptions.sty
Package: kvoptions 2019/11/29 v3.13 Key value format for package options (HO)

(/usr/local/texlive/2020/texmf-dist/tex/generic/ltxcmds/ltxcmds.sty
Package: ltxcmds 2019/12/15 v1.24 LaTeX kernel commands for general use (HO)
)
(/usr/local/texlive/2020/texmf-dist/tex/generic/kvsetkeys/kvsetkeys.sty
Package: kvsetkeys 2019/12/15 v1.18 Key value parser (HO)
))
(/usr/local/texlive/2020/texmf-dist/tex/generic/iftex/ifpdf.sty
Package: ifpdf 2019/10/25 v3.4 ifpdf legacy package. Use iftex instead.

(/usr/local/texlive/2020/texmf-dist/tex/generic/iftex/iftex.sty
Package: iftex 2020/03/06 v1.0d TeX engine tests
))
(/usr/local/texlive/2020/texmf-dist/tex/generic/iftex/ifluatex.sty
Package: ifluatex 2019/10/25 v1.5 ifluatex legacy package. Use iftex instead.
))
(/usr/local/texlive/2020/texmf-dist/tex/latex/float/float.sty
Package: float 2001/11/08 v1.3d Float enhancements (AL)
\c@float@type=\count289
\float@exts=\toks35
\float@box=\box62
\@float@everytoks=\toks36
\@floatcapt=\box63
)
\GPT@outputbox=\box64

(/usr/local/texlive/2020/texmf-dist/tex/latex/geometry/geometry.sty
Package: geometry 2020/01/02 v5.9 Page Geometry

(/usr/local/texlive/2020/texmf-dist/tex/generic/iftex/ifvtex.sty
Package: ifvtex 2019/10/25 v1.7 ifvtex legacy package. Use iftex instead.
)
\Gm@cnth=\count290
\Gm@cntv=\count291
\c@Gm@tempcnt=\count292
\Gm@bindingoffset=\dimen275
\Gm@wd@mp=\dimen276
\Gm@odd@mp=\dimen277
\Gm@even@mp=\dimen278
\Gm@layoutwidth=\dimen279
\Gm@layoutheight=\dimen280
\Gm@layouthoffset=\dimen281
\Gm@layoutvoffset=\dimen282
\Gm@dimlist=\toks37
)
(./Complex Analysis .aux)
\openout1 = `"Complex Analysis .aux"'.

LaTeX Font Info:    Checking defaults for OML/cmm/m/it on input line 40.
LaTeX Font Info:    ... okay on input line 40.
LaTeX Font Info:    Checking defaults for OMS/cmsy/m/n on input line 40.
LaTeX Font Info:    ... okay on input line 40.
LaTeX Font Info:    Checking defaults for OT1/cmr/m/n on input line 40.
LaTeX Font Info:    ... okay on input line 40.
LaTeX Font Info:    Checking defaults for T1/cmr/m/n on input line 40.
LaTeX Font Info:    ... okay on input line 40.
LaTeX Font Info:    Checking defaults for TS1/cmr/m/n on input line 40.
LaTeX Font Info:    ... okay on input line 40.
LaTeX Font Info:    Checking defaults for OMX/cmex/m/n on input line 40.
LaTeX Font Info:    ... okay on input line 40.
LaTeX Font Info:    Checking defaults for U/cmr/m/n on input line 40.
LaTeX Font Info:    ... okay on input line 40.

(/usr/local/texlive/2020/texmf-dist/tex/context/base/mkii/supp-pdf.mkii
[Loading MPS to PDF converter (version 2006.09.02).]
\scratchcounter=\count293
\scratchdimen=\dimen283
\scratchbox=\box65
\nofMPsegments=\count294
\nofMParguments=\count295
\everyMPshowfont=\toks38
\MPscratchCnt=\count296
\MPscratchDim=\dimen284
\MPnumerator=\count297
\makeMPintoPDFobject=\count298
\everyMPtoPDFconversion=\toks39
) (/usr/local/texlive/2020/texmf-dist/tex/latex/epstopdf-pkg/epstopdf-base.sty
Package: epstopdf-base 2020-01-24 v2.11 Base part for package epstopdf
Package epstopdf-base Info: Redefining graphics rule for `.eps' on input line 4
85.

(/usr/local/texlive/2020/texmf-dist/tex/latex/latexconfig/epstopdf-sys.cfg
File: epstopdf-sys.cfg 2010/07/13 v1.3 Configuration of (r)epstopdf for TeX Liv
e
))
Package caption Info: Begin \AtBeginDocument code.
Package caption Info: float package is loaded.
Package caption Info: End \AtBeginDocument code.

ABD: EveryShipout initializing macros ABD: EverySelectfont initializing macros
LaTeX Info: Redefining \selectfont on input line 40.

*geometry* driver: auto-detecting
*geometry* detected driver: pdftex
*geometry* verbose mode - [ preamble ] result:
* driver: pdftex
* paper: <default>
* layout: <same size as paper>
* layoutoffset:(h,v)=(0.0pt,0.0pt)
* modes: 
* h-part:(L,W,R)=(56.9055pt, 500.484pt, 56.9055pt)
* v-part:(T,H,B)=(56.9055pt, 642.66711pt, 95.39737pt)
* \paperwidth=614.295pt
* \paperheight=794.96999pt
* \textwidth=500.484pt
* \textheight=642.66711pt
* \oddsidemargin=-15.36449pt
* \evensidemargin=-15.36449pt
* \topmargin=-52.36449pt
* \headheight=12.0pt
* \headsep=25.0pt
* \topskip=11.0pt
* \footskip=30.0pt
* \marginparwidth=59.0pt
* \marginparsep=10.0pt
* \columnsep=10.0pt
* \skip\footins=10.0pt plus 4.0pt minus 2.0pt
* \hoffset=0.0pt
* \voffset=0.0pt
* \mag=1000
* \@twocolumnfalse
* \@twosidefalse
* \@mparswitchfalse
* \@reversemarginfalse
* (1in=72.27pt=25.4mm, 1cm=28.453pt)

LaTeX Font Info:    Trying to load font information for U+msa on input line 42.

(/usr/local/texlive/2020/texmf-dist/tex/latex/amsfonts/umsa.fd
File: umsa.fd 2013/01/14 v3.01 AMS symbols A
)
LaTeX Font Info:    Trying to load font information for U+msb on input line 42.


(/usr/local/texlive/2020/texmf-dist/tex/latex/amsfonts/umsb.fd
File: umsb.fd 2013/01/14 v3.01 AMS symbols B
) [1

{/usr/local/texlive/2020/texmf-var/fonts/map/pdftex/updmap/pdftex.map}]
(./Complex Analysis .toc [2])
\tf@toc=\write4
\openout4 = `"Complex Analysis .toc"'.

 [1]
<./images/1_1.jpg, id=23, 1143.27126pt x 1089.06876pt>
File: ./images/1_1.jpg Graphic file (type jpg)
<use ./images/1_1.jpg>
Package pdftex.def Info: ./images/1_1.jpg  used on input line 62.
(pdftex.def)             Requested size: 171.48328pt x 163.35326pt.

Underfull \hbox (badness 10000) in paragraph at lines 65--69

 []

<./images/1_2.jpg, id=24, 758.835pt x 731.73375pt>
File: ./images/1_2.jpg Graphic file (type jpg)
<use ./images/1_2.jpg>
Package pdftex.def Info: ./images/1_2.jpg  used on input line 82.
(pdftex.def)             Requested size: 144.18015pt x 139.03085pt.

Underfull \hbox (badness 10000) in paragraph at lines 85--88

 []


Underfull \hbox (badness 10000) in paragraph at lines 85--88

 []

[2 <./images/1_1.jpg> <./images/1_2.jpg>]
Underfull \hbox (badness 10000) in paragraph at lines 93--97

 []


Underfull \hbox (badness 10000) in paragraph at lines 108--109

 []

<./images/1_3.jpg, id=30, 756.8275pt x 734.745pt>
File: ./images/1_3.jpg Graphic file (type jpg)
<use ./images/1_3.jpg>
Package pdftex.def Info: ./images/1_3.jpg  used on input line 114.
(pdftex.def)             Requested size: 143.79872pt x 139.603pt.

Underfull \hbox (badness 10000) in paragraph at lines 117--118

 []


Underfull \hbox (badness 10000) in paragraph at lines 123--126

 []

[3 <./images/1_3.jpg>]
Underfull \hbox (badness 10000) in paragraph at lines 145--147

 []


Underfull \hbox (badness 10000) in paragraph at lines 149--153

 []


Underfull \hbox (badness 10000) in paragraph at lines 149--153

 []


Underfull \hbox (badness 10000) in paragraph at lines 155--162

 []

[4]
Underfull \hbox (badness 10000) in paragraph at lines 172--176

 []


Underfull \hbox (badness 10000) in paragraph at lines 172--176

 []


Underfull \hbox (badness 10000) in paragraph at lines 201--213

 []

[5] [6]
Underfull \hbox (badness 10000) in paragraph at lines 218--219

 []


Underfull \hbox (badness 10000) in paragraph at lines 222--227

 []


Underfull \hbox (badness 10000) in paragraph at lines 248--254

 []

[7]
Underfull \hbox (badness 10000) in paragraph at lines 263--266

 []


Underfull \hbox (badness 10000) in paragraph at lines 267--270

 []


Underfull \hbox (badness 10000) in paragraph at lines 274--276

 []


Underfull \hbox (badness 10000) in paragraph at lines 276--279

 []

[8]
Underfull \hbox (badness 10000) in paragraph at lines 288--305

 []


Underfull \hbox (badness 10000) in paragraph at lines 288--305

 []


Underfull \hbox (badness 10000) in paragraph at lines 288--305

 []


Underfull \hbox (badness 10000) in paragraph at lines 288--305

 []


Underfull \hbox (badness 10000) in paragraph at lines 307--346

 []


Underfull \hbox (badness 10000) in paragraph at lines 307--346

 []


Underfull \hbox (badness 10000) in paragraph at lines 307--346

 []


Underfull \hbox (badness 10000) in paragraph at lines 307--346

 []


Underfull \hbox (badness 10000) in paragraph at lines 307--346

 []


Underfull \hbox (badness 10000) in paragraph at lines 307--346

 []


Underfull \hbox (badness 10000) in paragraph at lines 307--346

 []


Underfull \hbox (badness 10000) in paragraph at lines 307--346

 []


Underfull \hbox (badness 10000) in paragraph at lines 307--346

 []


Underfull \hbox (badness 10000) in paragraph at lines 307--346

 []

[9] [10]
Underfull \hbox (badness 10000) in paragraph at lines 372--378

 []


Underfull \hbox (badness 10000) in paragraph at lines 372--378

 []


Underfull \hbox (badness 10000) in paragraph at lines 380--381

 []


Underfull \hbox (badness 10000) in paragraph at lines 387--393

 []


Underfull \hbox (badness 10000) in paragraph at lines 387--393

 []


Underfull \hbox (badness 10000) in paragraph at lines 393--397

 []


Underfull \hbox (badness 10000) in paragraph at lines 393--397

 []


Underfull \hbox (badness 10000) in paragraph at lines 397--399

 []


Underfull \hbox (badness 10000) in paragraph at lines 400--406

 []


Underfull \hbox (badness 10000) in paragraph at lines 400--406

 []

[11] [12]
Overfull \hbox (9.46431pt too wide) in paragraph at lines 418--423
\OT1/cmr/m/n/10.95 If $\OML/cmm/m/it/10.95 f[]\OT1/cmr/m/n/10.95 (\OML/cmm/m/it
/10.95 z[]\OT1/cmr/m/n/10.95 )$ ex-ists on all points $\OML/cmm/m/it/10.95 z[] 
\OMS/cmsy/m/n/10.95 2 \OT1/cmr/m/n/10.95 
$, open and con-nected in $\U/msb/m/n/10.95 C$\OT1/cmr/m/n/10.95 , then $\OML/c
mm/m/it/10.95 f$ \OT1/cmr/m/n/10.95 is holomorphic/$\U/msb/m/n/10.95 C$\OT1/cmr
/m/n/10.95 -differentiable/analytic
 []


Underfull \hbox (badness 10000) in paragraph at lines 443--451

 []


Underfull \hbox (badness 10000) in paragraph at lines 457--459

 []

[13]
Underfull \hbox (badness 10000) in paragraph at lines 461--468

 []


Underfull \hbox (badness 10000) in paragraph at lines 484--488

 []


Underfull \hbox (badness 10000) in paragraph at lines 484--488

 []

[14]
Underfull \hbox (badness 10000) in paragraph at lines 491--496

 []


Underfull \hbox (badness 10000) in paragraph at lines 491--496

 []

[15]
Overfull \hbox (46.14375pt too wide) detected at line 519
[] [] \OT1/cmr/m/n/10.95 = [] [] = [] = \OMS/cmsy/m/n/10.95 ^^@\OML/cmm/m/it/10
.95 if[] \OT1/cmr/m/n/10.95 = \OMS/cmsy/m/n/10.95 ^^@\OML/cmm/m/it/10.95 i\OT1/
cmr/m/n/10.95 (\OML/cmm/m/it/10.95 u[]\OT1/cmr/m/n/10.95 (\OML/cmm/m/it/10.95 x
; y\OT1/cmr/m/n/10.95 ) + \OML/cmm/m/it/10.95 iv[]\OT1/cmr/m/n/10.95 (\OML/cmm/
m/it/10.95 x; y\OT1/cmr/m/n/10.95 )) = \OML/cmm/m/it/10.95 v[]\OT1/cmr/m/n/10.9
5 (\OML/cmm/m/it/10.95 x; y\OT1/cmr/m/n/10.95 ) \OMS/cmsy/m/n/10.95 ^^@ \OML/cm
m/m/it/10.95 iu[]\OT1/cmr/m/n/10.95 (\OML/cmm/m/it/10.95 x; y\OT1/cmr/m/n/10.95
 )
 []


Underfull \hbox (badness 10000) in paragraph at lines 519--521

 []


Underfull \hbox (badness 10000) in paragraph at lines 522--535

 []


Underfull \hbox (badness 10000) in paragraph at lines 522--535

 []


Underfull \hbox (badness 10000) in paragraph at lines 536--538

 []


Underfull \hbox (badness 10000) in paragraph at lines 538--544

 []

[16]
Underfull \hbox (badness 10000) in paragraph at lines 546--548

 []


Underfull \hbox (badness 10000) in paragraph at lines 548--554

 []

[17] [18]
Underfull \hbox (badness 10000) in paragraph at lines 604--607

 []


Underfull \hbox (badness 10000) in paragraph at lines 614--623

 []


Underfull \hbox (badness 10000) in paragraph at lines 614--623

 []


Underfull \hbox (badness 10000) in paragraph at lines 624--627

 []


Underfull \hbox (badness 10000) in paragraph at lines 628--639

 []

[19]
Underfull \hbox (badness 10000) in paragraph at lines 642--645

 []


Underfull \hbox (badness 10000) in paragraph at lines 648--659

 []


Underfull \hbox (badness 10000) in paragraph at lines 668--671

 []


Underfull \hbox (badness 10000) in paragraph at lines 680--690

 []

[20]
Underfull \hbox (badness 10000) in paragraph at lines 701--704

 []


Underfull \hbox (badness 10000) in paragraph at lines 710--717

 []


Underfull \hbox (badness 10000) in paragraph at lines 717--721

 []

[21]
Underfull \hbox (badness 10000) in paragraph at lines 724--725

 []


Underfull \hbox (badness 10000) in paragraph at lines 727--731

 []


Underfull \hbox (badness 10000) in paragraph at lines 758--763

 []

[22]
Underfull \hbox (badness 10000) in paragraph at lines 802--808

 []


Underfull \hbox (badness 10000) in paragraph at lines 815--817

 []

[23]
Underfull \hbox (badness 10000) in paragraph at lines 821--825

 []

[24]
Underfull \hbox (badness 10000) in paragraph at lines 842--844

 []


Underfull \hbox (badness 10000) in paragraph at lines 845--847

 []


Underfull \hbox (badness 10000) in paragraph at lines 852--857

 []

[25]
Underfull \hbox (badness 10000) in paragraph at lines 887--891

 []


Underfull \hbox (badness 10000) in paragraph at lines 906--911

 []


Underfull \hbox (badness 10000) in paragraph at lines 906--911

 []


Underfull \hbox (badness 10000) in paragraph at lines 923--926

 []

[26]
Underfull \hbox (badness 10000) in paragraph at lines 930--934

 []

[27]
Underfull \hbox (badness 10000) in paragraph at lines 975--980

 []


Underfull \hbox (badness 10000) in paragraph at lines 985--989

 []

[28]
Underfull \hbox (badness 10000) in paragraph at lines 1009--1019

 []


Underfull \hbox (badness 10000) in paragraph at lines 1009--1019

 []


Underfull \hbox (badness 10000) in paragraph at lines 1009--1019

 []


Underfull \hbox (badness 10000) in paragraph at lines 1009--1019

 []

[29]
Underfull \hbox (badness 10000) in paragraph at lines 1024--1029

 []


Underfull \hbox (badness 10000) in paragraph at lines 1033--1041

 []


Underfull \hbox (badness 10000) in paragraph at lines 1033--1041

 []


Underfull \hbox (badness 10000) in paragraph at lines 1041--1043

 []

[30]
Underfull \hbox (badness 10000) in paragraph at lines 1049--1055

 []


Underfull \hbox (badness 10000) in paragraph at lines 1049--1055

 []

[31]
Underfull \hbox (badness 10000) in paragraph at lines 1076--1081

 []


Underfull \hbox (badness 10000) in paragraph at lines 1088--1093

 []


Underfull \hbox (badness 10000) in paragraph at lines 1101--1106

 []

[32]
Underfull \hbox (badness 10000) in paragraph at lines 1113--1118

 []

[33] [34]
Underfull \hbox (badness 10000) in paragraph at lines 1164--1169

 []


Underfull \hbox (badness 10000) in paragraph at lines 1169--1177

 []


Underfull \hbox (badness 10000) in paragraph at lines 1169--1177

 []


Underfull \hbox (badness 10000) in paragraph at lines 1192--1205

 []


Underfull \hbox (badness 10000) in paragraph at lines 1192--1205

 []

[35]
Underfull \hbox (badness 10000) in paragraph at lines 1205--1211

 []


Underfull \hbox (badness 10000) in paragraph at lines 1212--1213

 []


Underfull \hbox (badness 10000) in paragraph at lines 1214--1218

 []

[36]
Underfull \hbox (badness 10000) in paragraph at lines 1260--1265

 []


Underfull \hbox (badness 10000) in paragraph at lines 1276--1283

 []


Underfull \hbox (badness 10000) in paragraph at lines 1276--1283

 []

[37]
Underfull \hbox (badness 10000) in paragraph at lines 1297--1301

 []

[38]
Underfull \hbox (badness 10000) in paragraph at lines 1322--1326

 []


Underfull \hbox (badness 10000) in paragraph at lines 1331--1338

 []


Underfull \hbox (badness 10000) in paragraph at lines 1331--1338

 []

[39]
Underfull \hbox (badness 10000) in paragraph at lines 1346--1350

 []


Underfull \hbox (badness 10000) in paragraph at lines 1363--1370

 []


Underfull \hbox (badness 10000) in paragraph at lines 1363--1370

 []


Underfull \hbox (badness 10000) in paragraph at lines 1370--1375

 []

[40]
Underfull \hbox (badness 10000) in paragraph at lines 1384--1388

 []


Underfull \hbox (badness 10000) in paragraph at lines 1415--1421

 []

[41]
Underfull \hbox (badness 10000) in paragraph at lines 1428--1443

 []


Underfull \hbox (badness 10000) in paragraph at lines 1428--1443

 []


Underfull \hbox (badness 10000) in paragraph at lines 1428--1443

 []


Underfull \hbox (badness 10000) in paragraph at lines 1459--1461

 []

[42]
Underfull \hbox (badness 10000) in paragraph at lines 1474--1478

 []

[43]
Underfull \hbox (badness 10000) in paragraph at lines 1492--1497

 []


Underfull \hbox (badness 10000) in paragraph at lines 1498--1506

 []


Underfull \hbox (badness 10000) in paragraph at lines 1518--1520

 []

[44]
Underfull \hbox (badness 10000) in paragraph at lines 1540--1544

 []


Underfull \hbox (badness 10000) in paragraph at lines 1548--1550

 []

[45]
Underfull \hbox (badness 10000) in paragraph at lines 1559--1562

 []


Underfull \hbox (badness 10000) in paragraph at lines 1559--1562

 []

[46]
Underfull \hbox (badness 10000) in paragraph at lines 1620--1625

 []

[47]
Underfull \hbox (badness 10000) in paragraph at lines 1628--1631

 []


Underfull \hbox (badness 10000) in paragraph at lines 1628--1631

 []


Underfull \hbox (badness 10000) in paragraph at lines 1642--1657

 []


Underfull \hbox (badness 10000) in paragraph at lines 1642--1657

 []


Underfull \hbox (badness 10000) in paragraph at lines 1642--1657

 []

[48]
Underfull \hbox (badness 10000) in paragraph at lines 1668--1675

 []


Underfull \hbox (badness 10000) in paragraph at lines 1684--1687

 []

[49] [50]
Underfull \hbox (badness 10000) in paragraph at lines 1717--1728

 []


Underfull \hbox (badness 10000) in paragraph at lines 1717--1728

 []


Underfull \hbox (badness 10000) in paragraph at lines 1744--1758

 []


Underfull \hbox (badness 10000) in paragraph at lines 1744--1758

 []

[51]
Underfull \hbox (badness 10000) in paragraph at lines 1767--1772

 []


Underfull \hbox (badness 10000) in paragraph at lines 1787--1792

 []


Underfull \hbox (badness 10000) in paragraph at lines 1792--1794

 []

[52]
Underfull \hbox (badness 10000) in paragraph at lines 1796--1800

 []


Underfull \hbox (badness 10000) in paragraph at lines 1806--1812

 []


Underfull \hbox (badness 10000) in paragraph at lines 1806--1812

 []

[53]
<./images/19_1.jpg, id=203, 1354.05875pt x 485.815pt>
File: ./images/19_1.jpg Graphic file (type jpg)
<use ./images/19_1.jpg>
Package pdftex.def Info: ./images/19_1.jpg  used on input line 1829.
(pdftex.def)             Requested size: 270.80695pt x 97.16127pt.
<./images/19_2.jpg, id=204, 609.27625pt x 602.25pt>
File: ./images/19_2.jpg Graphic file (type jpg)
<use ./images/19_2.jpg>
Package pdftex.def Info: ./images/19_2.jpg  used on input line 1857.
(pdftex.def)             Requested size: 121.85309pt x 120.44786pt.

Underfull \hbox (badness 10000) in paragraph at lines 1844--1863

 []


Underfull \hbox (badness 10000) in paragraph at lines 1844--1863

 []

[54 <./images/19_1.jpg> <./images/19_2.jpg>] [55] [56]
<./images/19_3.jpg, id=214, 1390.19376pt x 1335.99126pt>
File: ./images/19_3.jpg Graphic file (type jpg)
<use ./images/19_3.jpg>
Package pdftex.def Info: ./images/19_3.jpg  used on input line 1937.
(pdftex.def)             Requested size: 278.03383pt x 267.19351pt.

Underfull \hbox (badness 10000) in paragraph at lines 1934--1941

 []

[57 <./images/19_3.jpg>]
Underfull \hbox (badness 10000) in paragraph at lines 1944--1955

 []


Underfull \hbox (badness 10000) in paragraph at lines 1944--1955

 []


Underfull \hbox (badness 10000) in paragraph at lines 1944--1955

 []


Underfull \hbox (badness 10000) in paragraph at lines 1955--1960

 []


Underfull \hbox (badness 10000) in paragraph at lines 1960--1973

 []


Underfull \hbox (badness 10000) in paragraph at lines 1960--1973

 []


Underfull \hbox (badness 10000) in paragraph at lines 1960--1973

 []


Underfull \hbox (badness 10000) in paragraph at lines 1973--1991

 []


Underfull \hbox (badness 10000) in paragraph at lines 1973--1991

 []


Underfull \hbox (badness 10000) in paragraph at lines 1973--1991

 []


Underfull \hbox (badness 10000) in paragraph at lines 1973--1991

 []


Underfull \hbox (badness 10000) in paragraph at lines 1973--1991

 []

[58]
Underfull \hbox (badness 10000) in paragraph at lines 1993--1995

 []


Underfull \hbox (badness 10000) in paragraph at lines 1995--2001

 []


Underfull \hbox (badness 10000) in paragraph at lines 2001--2005

 []

[59]
<./images/20_1.jpg, id=225, 1170.3725pt x 1147.28625pt>
File: ./images/20_1.jpg Graphic file (type jpg)
<use ./images/20_1.jpg>
Package pdftex.def Info: ./images/20_1.jpg  used on input line 2027.
(pdftex.def)             Requested size: 198.9607pt x 195.03607pt.

Underfull \hbox (badness 10000) in paragraph at lines 2043--2049

 []


Underfull \hbox (badness 10000) in paragraph at lines 2043--2049

 []

[60 <./images/20_1.jpg>]
Underfull \hbox (badness 10000) in paragraph at lines 2053--2059

 []

[61]
Underfull \hbox (badness 10000) in paragraph at lines 2081--2084

 []


Underfull \hbox (badness 10000) in paragraph at lines 2084--2090

 []


Underfull \hbox (badness 10000) in paragraph at lines 2097--2101

 []

[62]
<./images/20_2.jpg, id=235, 1656.1875pt x 537.00626pt>
File: ./images/20_2.jpg Graphic file (type jpg)
<use ./images/20_2.jpg>
Package pdftex.def Info: ./images/20_2.jpg  used on input line 2124.
(pdftex.def)             Requested size: 331.23163pt x 107.39934pt.
 [63 <./images/20_2.jpg>]
<./images/20_3.jpg, id=239, 1012.78375pt x 951.555pt>
File: ./images/20_3.jpg Graphic file (type jpg)
<use ./images/20_3.jpg>
Package pdftex.def Info: ./images/20_3.jpg  used on input line 2143.
(pdftex.def)             Requested size: 303.83746pt x 285.4687pt.

Underfull \hbox (badness 10000) in paragraph at lines 2158--2160

 []

[64 <./images/20_3.jpg>] [65]
Underfull \hbox (badness 10000) in paragraph at lines 2181--2185

 []

<./images/21_1.jpg, id=247, 1725.44624pt x 1085.05376pt>
File: ./images/21_1.jpg Graphic file (type jpg)
<use ./images/21_1.jpg>
Package pdftex.def Info: ./images/21_1.jpg  used on input line 2194.
(pdftex.def)             Requested size: 293.32198pt x 184.4567pt.
[66 <./images/21_1.jpg>]
Underfull \hbox (badness 10000) in paragraph at lines 2209--2214

 []

<./images/21_2.jpg, id=251, 1265.72874pt x 687.56876pt>
File: ./images/21_2.jpg Graphic file (type jpg)
<use ./images/21_2.jpg>
Package pdftex.def Info: ./images/21_2.jpg  used on input line 2227.
(pdftex.def)             Requested size: 253.14127pt x 137.5113pt.

Underfull \hbox (badness 10000) in paragraph at lines 2224--2231

 []

[67] [68 <./images/21_2.jpg>]
<./images/21_3.jpg, id=258, 1256.695pt x 777.90625pt>
File: ./images/21_3.jpg Graphic file (type jpg)
<use ./images/21_3.jpg>
Package pdftex.def Info: ./images/21_3.jpg  used on input line 2267.
(pdftex.def)             Requested size: 251.33455pt x 155.57849pt.
 [69 <./images/21_3.jpg>]
Underfull \hbox (badness 10000) in paragraph at lines 2295--2300

 []

[70]
<./images/21_4.jpg, id=265, 1478.52374pt x 1148.29pt>
File: ./images/21_4.jpg Graphic file (type jpg)
<use ./images/21_4.jpg>
Package pdftex.def Info: ./images/21_4.jpg  used on input line 2316.
(pdftex.def)             Requested size: 251.3457pt x 195.20671pt.
 [71 <./images/21_4.jpg>]
Underfull \hbox (badness 10000) in paragraph at lines 2330--2331

 []


Underfull \hbox (badness 10000) in paragraph at lines 2340--2344

 []

<./images/21_5.jpg, id=270, 1690.315pt x 957.5775pt>
File: ./images/21_5.jpg Graphic file (type jpg)
<use ./images/21_5.jpg>
Package pdftex.def Info: ./images/21_5.jpg  used on input line 2350.
(pdftex.def)             Requested size: 253.5363pt x 143.63042pt.
[72 <./images/21_5.jpg>]
<./images/21_6.jpg, id=274, 1604.99625pt x 1044.90375pt>
File: ./images/21_6.jpg Graphic file (type jpg)
<use ./images/21_6.jpg>
Package pdftex.def Info: ./images/21_6.jpg  used on input line 2376.
(pdftex.def)             Requested size: 240.73904pt x 156.72879pt.
<./images/21_7.jpg, id=275, 771.88374pt x 664.4825pt>
File: ./images/21_7.jpg Graphic file (type jpg)
<use ./images/21_7.jpg>
Package pdftex.def Info: ./images/21_7.jpg  used on input line 2387.
(pdftex.def)             Requested size: 61.75195pt x 53.15968pt.
 [73 <./images/21_6.jpg> <./images/21_7.jpg>] [74]
[75]
<./images/22_1.jpg, id=285, 1942.25626pt x 913.4125pt>
File: ./images/22_1.jpg Graphic file (type jpg)
<use ./images/22_1.jpg>
Package pdftex.def Info: ./images/22_1.jpg  used on input line 2428.
(pdftex.def)             Requested size: 291.32587pt x 137.00597pt.

Underfull \hbox (badness 10000) in paragraph at lines 2438--2443

 []


Underfull \hbox (badness 10000) in paragraph at lines 2443--2445

 []

[76 <./images/22_1.jpg>]
Underfull \hbox (badness 10000) in paragraph at lines 2464--2469

 []


Underfull \hbox (badness 10000) in paragraph at lines 2469--2473

 []

<./images/22_4.jpg, id=289, 1001.7425pt x 641.39626pt>
File: ./images/22_4.jpg Graphic file (type jpg)
<use ./images/22_4.jpg>
Package pdftex.def Info: ./images/22_4.jpg  used on input line 2479.
(pdftex.def)             Requested size: 200.34494pt x 128.27698pt.
<./images/22_23.jpg, id=290, 1084.05pt x 1276.77pt>
File: ./images/22_23.jpg Graphic file (type jpg)
<use ./images/22_23.jpg>
Package pdftex.def Info: ./images/22_23.jpg  used on input line 2505.
(pdftex.def)             Requested size: 249.32625pt x 293.65092pt.
[77 <./images/22_4.jpg>]
<./images/22_5.jpg, id=295, 1330.9725pt x 425.59pt>
File: ./images/22_5.jpg Graphic file (type jpg)
<use ./images/22_5.jpg>
Package pdftex.def Info: ./images/22_5.jpg  used on input line 2512.
(pdftex.def)             Requested size: 239.56471pt x 76.60289pt.
<./images/22_6.jpg, id=296, 1018.80624pt x 669.50125pt>
File: ./images/22_6.jpg Graphic file (type jpg)
<use ./images/22_6.jpg>
Package pdftex.def Info: ./images/22_6.jpg  used on input line 2518.
(pdftex.def)             Requested size: 173.19476pt x 113.8137pt.

Underfull \hbox (badness 10000) in paragraph at lines 2521--2525

 []

[78 <./images/22_23.jpg> <./images/22_5.jpg> <./images/22_6.jpg>]
<./images/22_7.jpg, id=300, 1098.1025pt x 542.025pt>
File: ./images/22_7.jpg Graphic file (type jpg)
<use ./images/22_7.jpg>
Package pdftex.def Info: ./images/22_7.jpg  used on input line 2532.
(pdftex.def)             Requested size: 186.67494pt x 92.14302pt.

Underfull \hbox (badness 10000) in paragraph at lines 2529--2534

 []

<./images/22_8.jpg, id=301, 1812.7725pt x 827.09pt>
File: ./images/22_8.jpg Graphic file (type jpg)
<use ./images/22_8.jpg>
Package pdftex.def Info: ./images/22_8.jpg  used on input line 2538.
(pdftex.def)             Requested size: 253.78642pt x 115.79181pt.

Underfull \hbox (badness 10000) in paragraph at lines 2535--2540

 []

<./images/22_9.jpg, id=302, 1301.86375pt x 421.575pt>
File: ./images/22_9.jpg Graphic file (type jpg)
<use ./images/22_9.jpg>
Package pdftex.def Info: ./images/22_9.jpg  used on input line 2543.
(pdftex.def)             Requested size: 260.36813pt x 84.31349pt.

Underfull \hbox (badness 10000) in paragraph at lines 2541--2545

 []

<./images/22_10.jpg, id=303, 1138.2525pt x 295.1025pt>
File: ./images/22_10.jpg Graphic file (type jpg)
<use ./images/22_10.jpg>
Package pdftex.def Info: ./images/22_10.jpg  used on input line 2548.
(pdftex.def)             Requested size: 227.64647pt x 59.01944pt.

Underfull \hbox (badness 10000) in paragraph at lines 2546--2550

 []

[79 <./images/22_7.jpg> <./images/22_8.jpg> <./images/22_9.jpg>]
Underfull \hbox (badness 10000) in paragraph at lines 2551--2556

 []

<./images/22_11.jpg, id=307, 1615.03375pt x 744.7825pt>
File: ./images/22_11.jpg Graphic file (type jpg)
<use ./images/22_11.jpg>
Package pdftex.def Info: ./images/22_11.jpg  used on input line 2574.
(pdftex.def)             Requested size: 290.69353pt x 134.05505pt.

Underfull \hbox (badness 10000) in paragraph at lines 2570--2576

 []

[80 <./images/22_10.jpg> <./images/22_11.jpg>]
<./images/22_12.jpg, id=311, 928.46875pt x 1255.69125pt>
File: ./images/22_12.jpg Graphic file (type jpg)
<use ./images/22_12.jpg>
Package pdftex.def Info: ./images/22_12.jpg  used on input line 2593.
(pdftex.def)             Requested size: 139.2643pt x 188.34557pt.

Underfull \hbox (badness 10000) in paragraph at lines 2587--2595

 []


Underfull \hbox (badness 10000) in paragraph at lines 2607--2623

 []


Underfull \hbox (badness 10000) in paragraph at lines 2607--2623

 []


Underfull \hbox (badness 10000) in paragraph at lines 2607--2623

 []

[81 <./images/22_12.jpg>] [82] (./Complex Analysis .aux) ) 
Here is how much of TeX's memory you used:
 16913 strings out of 480608
 328631 string characters out of 5903631
 653876 words of memory out of 5000000
 32483 multiletter control sequences out of 15000+600000
 543318 words of font info for 66 fonts, out of 8000000 for 9000
 1141 hyphenation exceptions out of 8191
 60i,20n,60p,561b,568s stack positions out of 5000i,500n,10000p,200000b,80000s
</usr/local/texlive/2
020/texmf-dist/fonts/type1/public/amsfonts/cm/cmbx10.pfb></usr/local/texlive/20
20/texmf-dist/fonts/type1/public/amsfonts/cm/cmbx12.pfb></usr/local/texlive/202
0/texmf-dist/fonts/type1/public/amsfonts/cm/cmex10.pfb></usr/local/texlive/2020
/texmf-dist/fonts/type1/public/amsfonts/cmextra/cmex8.pfb></usr/local/texlive/2
020/texmf-dist/fonts/type1/public/amsfonts/cm/cmmi10.pfb></usr/local/texlive/20
20/texmf-dist/fonts/type1/public/amsfonts/cm/cmmi12.pfb></usr/local/texlive/202
0/texmf-dist/fonts/type1/public/amsfonts/cm/cmmi6.pfb></usr/local/texlive/2020/
texmf-dist/fonts/type1/public/amsfonts/cm/cmmi8.pfb></usr/local/texlive/2020/te
xmf-dist/fonts/type1/public/amsfonts/cm/cmr10.pfb></usr/local/texlive/2020/texm
f-dist/fonts/type1/public/amsfonts/cm/cmr12.pfb></usr/local/texlive/2020/texmf-
dist/fonts/type1/public/amsfonts/cm/cmr17.pfb></usr/local/texlive/2020/texmf-di
st/fonts/type1/public/amsfonts/cm/cmr6.pfb></usr/local/texlive/2020/texmf-dist/
fonts/type1/public/amsfonts/cm/cmr8.pfb></usr/local/texlive/2020/texmf-dist/fon
ts/type1/public/amsfonts/cm/cmsy10.pfb></usr/local/texlive/2020/texmf-dist/font
s/type1/public/amsfonts/cm/cmsy6.pfb></usr/local/texlive/2020/texmf-dist/fonts/
type1/public/amsfonts/cm/cmsy8.pfb></usr/local/texlive/2020/texmf-dist/fonts/ty
pe1/public/amsfonts/cm/cmti10.pfb></usr/local/texlive/2020/texmf-dist/fonts/typ
e1/public/amsfonts/symbols/msam10.pfb></usr/local/texlive/2020/texmf-dist/fonts
/type1/public/amsfonts/symbols/msbm10.pfb>
Output written on "Complex Analysis .pdf" (84 pages, 2345720 bytes).
PDF statistics:
 382 PDF objects out of 1000 (max. 8388607)
 247 compressed objects within 3 object streams
 0 named destinations out of 1000 (max. 500000)
 148 words of extra memory for PDF output out of 10000 (max. 10000000)

